Starting installation of Check Point HTTP Transaction Handler service [Fri Jan 10 14:25:40 UTC 2025]

cp: cannot stat 'conf/cp-nano-ips-protections.json': No such file or directory
chmod: cannot access '/etc/cp/conf/data/cp-nano-ips-protections.data': No such file or directory
cp: cannot stat 'resources/cp-ab.js': No such file or directory
cp: cannot stat 'resources/cp-csrf.js': No such file or directory
chmod: cannot access '/etc/cp/conf/waap/cp-ab.js': No such file or directory
chmod: cannot access '/etc/cp/conf/waap/cp-csrf.js': No such file or directory
Requested to restart service '/etc/cp/HttpTransactionHandler/cp-nano-http-transaction-handler', but it is not registered
Installation completed successfully.
Starting installation of Check Point HTTP Transaction Handler service [Sun Jan 12 13:45:34 UTC 2025]

cp: cannot stat 'conf/cp-nano-ips-protections.json': No such file or directory
chmod: cannot access '/etc/cp/conf/data/cp-nano-ips-protections.data': No such file or directory
cp: cannot stat 'resources/cp-ab.js': No such file or directory
cp: cannot stat 'resources/cp-csrf.js': No such file or directory
chmod: cannot access '/etc/cp/conf/waap/cp-ab.js': No such file or directory
chmod: cannot access '/etc/cp/conf/waap/cp-csrf.js': No such file or directory
Requested to restart service '/etc/cp/HttpTransactionHandler/cp-nano-http-transaction-handler', but it is not registered
Installation completed successfully.
Starting installation of Check Point HTTP Transaction Handler service [Sun Jan 12 13:53:16 UTC 2025]

cp: cannot stat 'conf/cp-nano-ips-protections.json': No such file or directory
chmod: cannot access '/etc/cp/conf/data/cp-nano-ips-protections.data': No such file or directory
cp: cannot stat 'resources/cp-ab.js': No such file or directory
cp: cannot stat 'resources/cp-csrf.js': No such file or directory
chmod: cannot access '/etc/cp/conf/waap/cp-ab.js': No such file or directory
chmod: cannot access '/etc/cp/conf/waap/cp-csrf.js': No such file or directory
Requested to restart service '/etc/cp/HttpTransactionHandler/cp-nano-http-transaction-handler', but it is not registered
Installation completed successfully.
Starting installation of Check Point HTTP Transaction Handler service [Sun Jan 12 14:28:21 UTC 2025]

cp: cannot stat 'conf/cp-nano-ips-protections.json': No such file or directory
chmod: cannot access '/etc/cp/conf/data/cp-nano-ips-protections.data': No such file or directory
cp: cannot stat 'resources/cp-ab.js': No such file or directory
cp: cannot stat 'resources/cp-csrf.js': No such file or directory
chmod: cannot access '/etc/cp/conf/waap/cp-ab.js': No such file or directory
chmod: cannot access '/etc/cp/conf/waap/cp-csrf.js': No such file or directory
Requested to restart service '/etc/cp/HttpTransactionHandler/cp-nano-http-transaction-handler', but it is not registered
Installation completed successfully.
Starting installation of Check Point HTTP Transaction Handler service [Sun Jan 12 14:34:25 UTC 2025]

cp: cannot stat 'conf/cp-nano-ips-protections.json': No such file or directory
chmod: cannot access '/etc/cp/conf/data/cp-nano-ips-protections.data': No such file or directory
cp: cannot stat 'resources/cp-ab.js': No such file or directory
cp: cannot stat 'resources/cp-csrf.js': No such file or directory
chmod: cannot access '/etc/cp/conf/waap/cp-ab.js': No such file or directory
chmod: cannot access '/etc/cp/conf/waap/cp-csrf.js': No such file or directory
Requested to restart service '/etc/cp/HttpTransactionHandler/cp-nano-http-transaction-handler', but it is not registered
Installation completed successfully.
Starting installation of Check Point HTTP Transaction Handler service [Sun Jan 12 14:51:13 UTC 2025]

cp: cannot stat 'conf/cp-nano-ips-protections.json': No such file or directory
chmod: cannot access '/etc/cp/conf/data/cp-nano-ips-protections.data': No such file or directory
cp: cannot stat 'resources/cp-ab.js': No such file or directory
cp: cannot stat 'resources/cp-csrf.js': No such file or directory
chmod: cannot access '/etc/cp/conf/waap/cp-ab.js': No such file or directory
chmod: cannot access '/etc/cp/conf/waap/cp-csrf.js': No such file or directory
Requested to restart service '/etc/cp/HttpTransactionHandler/cp-nano-http-transaction-handler', but it is not registered
Installation completed successfully.
Starting installation of Check Point HTTP Transaction Handler service [Sun Jan 12 14:54:33 UTC 2025]

cp: cannot stat 'conf/cp-nano-ips-protections.json': No such file or directory
chmod: cannot access '/etc/cp/conf/data/cp-nano-ips-protections.data': No such file or directory
cp: cannot stat 'resources/cp-ab.js': No such file or directory
cp: cannot stat 'resources/cp-csrf.js': No such file or directory
chmod: cannot access '/etc/cp/conf/waap/cp-ab.js': No such file or directory
chmod: cannot access '/etc/cp/conf/waap/cp-csrf.js': No such file or directory
Unregistering /etc/cp/HttpTransactionHandler/k8s-log-file-handler.sh (pid=792)
sh: can't kill pid 792: No such process
Installation completed successfully.
Starting installation of Check Point HTTP Transaction Handler service [Sun Jan 12 14:59:20 UTC 2025]

cp: cannot stat 'conf/cp-nano-ips-protections.json': No such file or directory
chmod: cannot access '/etc/cp/conf/data/cp-nano-ips-protections.data': No such file or directory
cp: cannot stat 'resources/cp-ab.js': No such file or directory
cp: cannot stat 'resources/cp-csrf.js': No such file or directory
chmod: cannot access '/etc/cp/conf/waap/cp-ab.js': No such file or directory
chmod: cannot access '/etc/cp/conf/waap/cp-csrf.js': No such file or directory
Requested to restart service '/etc/cp/HttpTransactionHandler/cp-nano-http-transaction-handler', but it is not registered
Installation completed successfully.
Starting installation of Check Point HTTP Transaction Handler service [Sun Jan 12 15:02:12 UTC 2025]

cp: cannot stat 'conf/cp-nano-ips-protections.json': No such file or directory
chmod: cannot access '/etc/cp/conf/data/cp-nano-ips-protections.data': No such file or directory
cp: cannot stat 'resources/cp-ab.js': No such file or directory
cp: cannot stat 'resources/cp-csrf.js': No such file or directory
chmod: cannot access '/etc/cp/conf/waap/cp-ab.js': No such file or directory
chmod: cannot access '/etc/cp/conf/waap/cp-csrf.js': No such file or directory
Requested to restart service '/etc/cp/HttpTransactionHandler/cp-nano-http-transaction-handler', but it is not registered
Installation completed successfully.
Starting installation of Check Point HTTP Transaction Handler service [Sun Jan 12 15:14:50 UTC 2025]

cp: cannot stat 'conf/cp-nano-ips-protections.json': No such file or directory
chmod: cannot access '/etc/cp/conf/data/cp-nano-ips-protections.data': No such file or directory
cp: cannot stat 'resources/cp-ab.js': No such file or directory
cp: cannot stat 'resources/cp-csrf.js': No such file or directory
chmod: cannot access '/etc/cp/conf/waap/cp-ab.js': No such file or directory
chmod: cannot access '/etc/cp/conf/waap/cp-csrf.js': No such file or directory
Requested to restart service '/etc/cp/HttpTransactionHandler/cp-nano-http-transaction-handler', but it is not registered
Installation completed successfully.
Starting installation of Check Point HTTP Transaction Handler service [Sun Jan 12 15:20:30 UTC 2025]

cp: cannot stat 'conf/cp-nano-ips-protections.json': No such file or directory
chmod: cannot access '/etc/cp/conf/data/cp-nano-ips-protections.data': No such file or directory
cp: cannot stat 'resources/cp-ab.js': No such file or directory
cp: cannot stat 'resources/cp-csrf.js': No such file or directory
chmod: cannot access '/etc/cp/conf/waap/cp-ab.js': No such file or directory
chmod: cannot access '/etc/cp/conf/waap/cp-csrf.js': No such file or directory
Requested to restart service '/etc/cp/HttpTransactionHandler/cp-nano-http-transaction-handler', but it is not registered
Installation completed successfully.
Starting installation of Check Point HTTP Transaction Handler service [Sun Jan 12 15:35:06 UTC 2025]

cp: cannot stat 'conf/cp-nano-ips-protections.json': No such file or directory
chmod: cannot access '/etc/cp/conf/data/cp-nano-ips-protections.data': No such file or directory
cp: cannot stat 'resources/cp-ab.js': No such file or directory
cp: cannot stat 'resources/cp-csrf.js': No such file or directory
chmod: cannot access '/etc/cp/conf/waap/cp-ab.js': No such file or directory
chmod: cannot access '/etc/cp/conf/waap/cp-csrf.js': No such file or directory
Requested to restart service '/etc/cp/HttpTransactionHandler/cp-nano-http-transaction-handler', but it is not registered
Installation completed successfully.
Starting installation of Check Point HTTP Transaction Handler service [Sun Jan 12 15:51:33 UTC 2025]

cp: cannot stat 'conf/cp-nano-ips-protections.json': No such file or directory
chmod: cannot access '/etc/cp/conf/data/cp-nano-ips-protections.data': No such file or directory
cp: cannot stat 'resources/cp-ab.js': No such file or directory
cp: cannot stat 'resources/cp-csrf.js': No such file or directory
chmod: cannot access '/etc/cp/conf/waap/cp-ab.js': No such file or directory
chmod: cannot access '/etc/cp/conf/waap/cp-csrf.js': No such file or directory
Requested to restart service '/etc/cp/HttpTransactionHandler/cp-nano-http-transaction-handler', but it is not registered
Installation completed successfully.
Starting installation of Check Point HTTP Transaction Handler service [Sun Jan 12 15:55:52 UTC 2025]

cp: cannot stat 'conf/cp-nano-ips-protections.json': No such file or directory
chmod: cannot access '/etc/cp/conf/data/cp-nano-ips-protections.data': No such file or directory
cp: cannot stat 'resources/cp-ab.js': No such file or directory
cp: cannot stat 'resources/cp-csrf.js': No such file or directory
chmod: cannot access '/etc/cp/conf/waap/cp-ab.js': No such file or directory
chmod: cannot access '/etc/cp/conf/waap/cp-csrf.js': No such file or directory
Requested to restart service '/etc/cp/HttpTransactionHandler/cp-nano-http-transaction-handler', but it is not registered
Installation completed successfully.
Starting installation of Check Point HTTP Transaction Handler service [Sun Jan 12 15:59:13 UTC 2025]

cp: cannot stat 'conf/cp-nano-ips-protections.json': No such file or directory
chmod: cannot access '/etc/cp/conf/data/cp-nano-ips-protections.data': No such file or directory
cp: cannot stat 'resources/cp-ab.js': No such file or directory
cp: cannot stat 'resources/cp-csrf.js': No such file or directory
chmod: cannot access '/etc/cp/conf/waap/cp-ab.js': No such file or directory
chmod: cannot access '/etc/cp/conf/waap/cp-csrf.js': No such file or directory
Requested to restart service '/etc/cp/HttpTransactionHandler/cp-nano-http-transaction-handler', but it is not registered
Installation completed successfully.
Starting installation of Check Point HTTP Transaction Handler service [Sun Jan 12 16:16:19 UTC 2025]

cp: cannot stat 'conf/cp-nano-ips-protections.json': No such file or directory
chmod: cannot access '/etc/cp/conf/data/cp-nano-ips-protections.data': No such file or directory
cp: cannot stat 'resources/cp-ab.js': No such file or directory
cp: cannot stat 'resources/cp-csrf.js': No such file or directory
chmod: cannot access '/etc/cp/conf/waap/cp-ab.js': No such file or directory
chmod: cannot access '/etc/cp/conf/waap/cp-csrf.js': No such file or directory
Requested to restart service '/etc/cp/HttpTransactionHandler/cp-nano-http-transaction-handler', but it is not registered
Installation completed successfully.
Starting installation of Check Point HTTP Transaction Handler service [Sun Jan 12 16:20:49 UTC 2025]

cp: cannot stat 'conf/cp-nano-ips-protections.json': No such file or directory
chmod: cannot access '/etc/cp/conf/data/cp-nano-ips-protections.data': No such file or directory
cp: cannot stat 'resources/cp-ab.js': No such file or directory
cp: cannot stat 'resources/cp-csrf.js': No such file or directory
chmod: cannot access '/etc/cp/conf/waap/cp-ab.js': No such file or directory
chmod: cannot access '/etc/cp/conf/waap/cp-csrf.js': No such file or directory
Requested to restart service '/etc/cp/HttpTransactionHandler/cp-nano-http-transaction-handler', but it is not registered
Installation completed successfully.
